2023-05-08 10:49:09 Demo_01_buffer_base.java INFO 读取长度为：10
2023-05-08 10:49:09 Demo_01_buffer_base.java INFO 读取长度为：0
2023-05-08 10:49:09 Demo_01_buffer_base.java INFO 读取长度为：1
2023-05-08 10:49:09 Demo_01_buffer_base.java INFO 读取长度为：0
2023-05-08 10:52:29 Demo_01_buffer_base.java INFO 读取长度为：0
2023-05-08 10:52:29 Demo_01_buffer_base.java INFO 读取长度为：10
2023-05-08 10:52:29 Demo_01_buffer_base.java INFO 读取长度为：1
2023-05-08 10:52:29 Demo_01_buffer_base.java INFO 读取数据为：a
2023-05-08 10:52:29 Demo_01_buffer_base.java INFO 读取数据为：m
2023-05-08 10:52:29 Demo_01_buffer_base.java INFO 读取数据为：o
2023-05-08 10:52:29 Demo_01_buffer_base.java INFO 读取数据为：n
2023-05-08 10:52:29 Demo_01_buffer_base.java INFO 读取数据为：C
2023-05-08 10:52:29 Demo_01_buffer_base.java INFO 读取数据为：a
2023-05-08 10:52:29 Demo_01_buffer_base.java INFO 读取数据为：i
2023-05-08 10:52:29 Demo_01_buffer_base.java INFO 读取数据为：6
2023-05-08 10:52:29 Demo_01_buffer_base.java INFO 读取数据为：6
2023-05-08 10:53:17 Demo_01_buffer_base.java INFO 读取长度为：10
2023-05-08 10:53:17 Demo_01_buffer_base.java INFO 读取数据为：D
2023-05-08 10:53:17 Demo_01_buffer_base.java INFO 读取数据为：a
2023-05-08 10:53:17 Demo_01_buffer_base.java INFO 读取数据为：m
2023-05-08 10:53:17 Demo_01_buffer_base.java INFO 读取数据为：o
2023-05-08 10:53:17 Demo_01_buffer_base.java INFO 读取数据为：n
2023-05-08 10:53:17 Demo_01_buffer_base.java INFO 读取数据为：C
2023-05-08 10:53:17 Demo_01_buffer_base.java INFO 读取数据为：a
2023-05-08 10:53:17 Demo_01_buffer_base.java INFO 读取数据为：i
2023-05-08 10:53:17 Demo_01_buffer_base.java INFO 读取数据为：6
2023-05-08 10:53:17 Demo_01_buffer_base.java INFO 读取数据为：6
2023-05-08 10:53:17 Demo_01_buffer_base.java INFO 读取长度为：1
2023-05-08 10:53:17 Demo_01_buffer_base.java INFO 读取数据为：6
2023-05-10 10:31:26 Demo_01_buffer_base.java INFO 读取长度为：10
2023-05-10 10:31:26 Demo_01_buffer_base.java INFO 读取数据为：D
2023-05-10 10:31:26 Demo_01_buffer_base.java INFO 读取数据为：a
2023-05-10 10:31:26 Demo_01_buffer_base.java INFO 读取数据为：m
2023-05-10 10:31:26 Demo_01_buffer_base.java INFO 读取数据为：o
2023-05-10 10:31:26 Demo_01_buffer_base.java INFO 读取数据为：n
2023-05-10 10:31:26 Demo_01_buffer_base.java INFO 读取数据为：C
2023-05-10 10:31:26 Demo_01_buffer_base.java INFO 读取数据为：a
2023-05-10 10:31:26 Demo_01_buffer_base.java INFO 读取数据为：i
2023-05-10 10:31:26 Demo_01_buffer_base.java INFO 读取数据为：6
2023-05-10 10:31:26 Demo_01_buffer_base.java INFO 读取数据为：6
2023-05-10 10:31:26 Demo_01_buffer_base.java INFO 读取长度为：1
2023-05-10 10:31:26 Demo_01_buffer_base.java INFO 读取数据为：6
